10-Jun-2024 23:16:32.935 INFO [main] org.apache.catalina.startup.VersionLoggerListener.log Server version name:   Apache Tomcat/10.1.24
10-Jun-2024 23:16:32.940 INFO [main] org.apache.catalina.startup.VersionLoggerListener.log Server built:          May 9 2024 17:41:23 UTC
10-Jun-2024 23:16:32.940 INFO [main] org.apache.catalina.startup.VersionLoggerListener.log Server version number: 10.1.24.0
10-Jun-2024 23:16:32.940 INFO [main] org.apache.catalina.startup.VersionLoggerListener.log OS Name:               Linux
10-Jun-2024 23:16:32.940 INFO [main] org.apache.catalina.startup.VersionLoggerListener.log OS Version:            6.1.0-21-amd64
10-Jun-2024 23:16:32.940 INFO [main] org.apache.catalina.startup.VersionLoggerListener.log Architecture:          amd64
10-Jun-2024 23:16:32.940 INFO [main] org.apache.catalina.startup.VersionLoggerListener.log Java Home:             /usr/local/jdk-17.0.11
10-Jun-2024 23:16:32.940 INFO [main] org.apache.catalina.startup.VersionLoggerListener.log JVM Version:           17.0.11+7-LTS-207
10-Jun-2024 23:16:32.940 INFO [main] org.apache.catalina.startup.VersionLoggerListener.log JVM Vendor:            Oracle Corporation
10-Jun-2024 23:16:32.940 INFO [main] org.apache.catalina.startup.VersionLoggerListener.log CATALINA_BASE:         /home/thayson/pasta-tomcat/apache-tomcat
10-Jun-2024 23:16:32.940 INFO [main] org.apache.catalina.startup.VersionLoggerListener.log CATALINA_HOME:         /home/thayson/pasta-tomcat/apache-tomcat
10-Jun-2024 23:16:32.949 INFO [main] org.apache.catalina.startup.VersionLoggerListener.log Command line argument: -Djava.util.logging.config.file=/home/thayson/pasta-tomcat/apache-tomcat/conf/logging.properties
10-Jun-2024 23:16:32.949 INFO [main] org.apache.catalina.startup.VersionLoggerListener.log Command line argument: -Djava.util.logging.manager=org.apache.juli.ClassLoaderLogManager
10-Jun-2024 23:16:32.949 INFO [main] org.apache.catalina.startup.VersionLoggerListener.log Command line argument: -Djdk.tls.ephemeralDHKeySize=2048
10-Jun-2024 23:16:32.950 INFO [main] org.apache.catalina.startup.VersionLoggerListener.log Command line argument: -Djava.protocol.handler.pkgs=org.apache.catalina.webresources
10-Jun-2024 23:16:32.950 INFO [main] org.apache.catalina.startup.VersionLoggerListener.log Command line argument: -Dorg.apache.catalina.security.SecurityListener.UMASK=0027
10-Jun-2024 23:16:32.950 INFO [main] org.apache.catalina.startup.VersionLoggerListener.log Command line argument: --add-opens=java.base/java.lang=ALL-UNNAMED
10-Jun-2024 23:16:32.950 INFO [main] org.apache.catalina.startup.VersionLoggerListener.log Command line argument: --add-opens=java.base/java.io=ALL-UNNAMED
10-Jun-2024 23:16:32.950 INFO [main] org.apache.catalina.startup.VersionLoggerListener.log Command line argument: --add-opens=java.base/java.util=ALL-UNNAMED
10-Jun-2024 23:16:32.950 INFO [main] org.apache.catalina.startup.VersionLoggerListener.log Command line argument: --add-opens=java.base/java.util.concurrent=ALL-UNNAMED
10-Jun-2024 23:16:32.950 INFO [main] org.apache.catalina.startup.VersionLoggerListener.log Command line argument: --add-opens=java.rmi/sun.rmi.transport=ALL-UNNAMED
10-Jun-2024 23:16:32.950 INFO [main] org.apache.catalina.startup.VersionLoggerListener.log Command line argument: -Dcatalina.base=/home/thayson/pasta-tomcat/apache-tomcat
10-Jun-2024 23:16:32.950 INFO [main] org.apache.catalina.startup.VersionLoggerListener.log Command line argument: -Dcatalina.home=/home/thayson/pasta-tomcat/apache-tomcat
10-Jun-2024 23:16:32.950 INFO [main] org.apache.catalina.startup.VersionLoggerListener.log Command line argument: -Djava.io.tmpdir=/home/thayson/pasta-tomcat/apache-tomcat/temp
10-Jun-2024 23:16:32.951 INFO [main] org.apache.catalina.core.AprLifecycleListener.lifecycleEvent The Apache Tomcat Native library which allows using OpenSSL was not found on the java.library.path: [/usr/java/packages/lib:/usr/lib64:/lib64:/lib:/usr/lib]
10-Jun-2024 23:16:33.177 INFO [main] org.apache.coyote.AbstractProtocol.init Initializing ProtocolHandler ["http-nio-8080"]
10-Jun-2024 23:16:33.200 INFO [main] org.apache.catalina.startup.Catalina.load Server initialization in [431] milliseconds
10-Jun-2024 23:16:33.255 INFO [main] org.apache.catalina.core.StandardService.startInternal Starting service [Catalina]
10-Jun-2024 23:16:33.255 INFO [main] org.apache.catalina.core.StandardEngine.startInternal Starting Servlet engine: [Apache Tomcat/10.1.24]
10-Jun-2024 23:16:33.265 INFO [main] org.apache.catalina.startup.HostConfig.deployDirectory Diretório de instalação da aplicação web [/home/thayson/pasta-tomcat/apache-tomcat/webapps/host-manager]
10-Jun-2024 23:16:33.558 INFO [main] org.apache.catalina.startup.HostConfig.deployDirectory Deployment of web application directory [/home/thayson/pasta-tomcat/apache-tomcat/webapps/host-manager] has finished in [291] ms
10-Jun-2024 23:16:33.558 INFO [main] org.apache.catalina.startup.HostConfig.deployDirectory Diretório de instalação da aplicação web [/home/thayson/pasta-tomcat/apache-tomcat/webapps/docs]
10-Jun-2024 23:16:33.578 INFO [main] org.apache.catalina.startup.HostConfig.deployDirectory Deployment of web application directory [/home/thayson/pasta-tomcat/apache-tomcat/webapps/docs] has finished in [20] ms
10-Jun-2024 23:16:33.578 INFO [main] org.apache.catalina.startup.HostConfig.deployDirectory Diretório de instalação da aplicação web [/home/thayson/pasta-tomcat/apache-tomcat/webapps/examples]
10-Jun-2024 23:16:33.788 INFO [main] org.apache.catalina.startup.HostConfig.deployDirectory Deployment of web application directory [/home/thayson/pasta-tomcat/apache-tomcat/webapps/examples] has finished in [210] ms
10-Jun-2024 23:16:33.788 INFO [main] org.apache.catalina.startup.HostConfig.deployDirectory Diretório de instalação da aplicação web [/home/thayson/pasta-tomcat/apache-tomcat/webapps/ROOT]
10-Jun-2024 23:16:33.806 INFO [main] org.apache.catalina.startup.HostConfig.deployDirectory Deployment of web application directory [/home/thayson/pasta-tomcat/apache-tomcat/webapps/ROOT] has finished in [18] ms
10-Jun-2024 23:16:33.807 INFO [main] org.apache.catalina.startup.HostConfig.deployDirectory Diretório de instalação da aplicação web [/home/thayson/pasta-tomcat/apache-tomcat/webapps/manager]
10-Jun-2024 23:16:33.827 INFO [main] org.apache.catalina.startup.HostConfig.deployDirectory Deployment of web application directory [/home/thayson/pasta-tomcat/apache-tomcat/webapps/manager] has finished in [19] ms
10-Jun-2024 23:16:33.832 INFO [main] org.apache.coyote.AbstractProtocol.start Starting ProtocolHandler ["http-nio-8080"]
10-Jun-2024 23:16:33.846 INFO [main] org.apache.catalina.startup.Catalina.start Server startup in [645] milliseconds
